# JRE version: Java(TM) SE Runtime Environment (8.0_101-b13) (build 1.8.0_101-b13)
# Java VM: Java HotSpot(TM) Server VM (25.101-b13 mixed mode linux-x86 )
Heap:
 PSYoungGen      total 17408K, used 2192K [0x92cc0000, 0x94140000, 0xa7000000)
  eden space 14336K, 14% used [0x92cc0000,0x92ed83e0,0x93ac0000)
  from space 3072K, 1% used [0x93e00000,0x93e0c000,0x94100000)
  to   space 3328K, 0% used [0x93ac0000,0x93ac0000,0x93e00000)
 ParOldGen       total 42496K, used 1827K [0x6a600000, 0x6cf80000, 0x92cc0000)
  object space 42496K, 4% used [0x6a600000,0x6a7c8fc0,0x6cf80000)
 Metaspace       used 8563K, capacity 8735K, committed 8856K, reserved 9520K
GC Heap History (10 events):
Event: 6,741 GC heap before
{Heap before GC invocations=6 (full 0):
 PSYoungGen      total 18176K, used 17310K [0x92cc0000, 0x94100000, 0xa7000000)
  eden space 15616K, 94% used [0x92cc0000,0x93b2a550,0x93c00000)
  from space 2560K, 99% used [0x93c40000,0x93ebd5e0,0x93ec0000)
  to   space 2304K, 0% used [0x93ec0000,0x93ec0000,0x94100000)
 ParOldGen       total 42496K, used 145K [0x6a600000, 0x6cf80000, 0x92cc0000)
  object space 42496K, 0% used [0x6a600000,0x6a624748,0x6cf80000)
 Metaspace       used 8489K, capacity 8671K, committed 8728K, reserved 9520K
Event: 6,747 GC heap after
Heap after GC invocations=6 (full 0):
 PSYoungGen      total 17664K, used 2301K [0x92cc0000, 0x94140000, 0xa7000000)
  eden space 15360K, 0% used [0x92cc0000,0x92cc0000,0x93bc0000)
  from space 2304K, 99% used [0x93ec0000,0x940ff4a0,0x94100000)
  to   space 2816K, 0% used [0x93bc0000,0x93bc0000,0x93e80000)
 ParOldGen       total 42496K, used 397K [0x6a600000, 0x6cf80000, 0x92cc0000)
  object space 42496K, 0% used [0x6a600000,0x6a663758,0x6cf80000)
 Metaspace       used 8489K, capacity 8671K, committed 8728K, reserved 9520K
}
Event: 7,213 GC heap before
{Heap before GC invocations=7 (full 0):
 PSYoungGen      total 17664K, used 17038K [0x92cc0000, 0x94140000, 0xa7000000)
  eden space 15360K, 95% used [0x92cc0000,0x93b246d8,0x93bc0000)
  from space 2304K, 99% used [0x93ec0000,0x940ff4a0,0x94100000)
  to   space 2816K, 0% used [0x93bc0000,0x93bc0000,0x93e80000)
 ParOldGen       total 42496K, used 397K [0x6a600000, 0x6cf80000, 0x92cc0000)
  object space 42496K, 0% used [0x6a600000,0x6a663758,0x6cf80000)
 Metaspace       used 8494K, capacity 8671K, committed 8728K, reserved 9520K
Event: 7,218 GC heap after
Heap after GC invocations=7 (full 0):
 PSYoungGen      total 17920K, used 948K [0x92cc0000, 0x94180000, 0xa7000000)
  eden space 15104K, 0% used [0x92cc0000,0x92cc0000,0x93b80000)
  from space 2816K, 33% used [0x93bc0000,0x93cad048,0x93e80000)
  to   space 3072K, 0% used [0x93e80000,0x93e80000,0x94180000)
 ParOldGen       total 42496K, used 1803K [0x6a600000, 0x6cf80000, 0x92cc0000)
  object space 42496K, 4% used [0x6a600000,0x6a7c2fb0,0x6cf80000)
 Metaspace       used 8494K, capacity 8671K, committed 8728K, reserved 9520K
}
Event: 7,685 GC heap before
{Heap before GC invocations=8 (full 0):
 PSYoungGen      total 17920K, used 15668K [0x92cc0000, 0x94180000, 0xa7000000)
  eden space 15104K, 97% used [0x92cc0000,0x93b20320,0x93b80000)
  from space 2816K, 33% used [0x93bc0000,0x93cad048,0x93e80000)
  to   space 3072K, 0% used [0x93e80000,0x93e80000,0x94180000)
 ParOldGen       total 42496K, used 1803K [0x6a600000, 0x6cf80000, 0x92cc0000)
  object space 42496K, 4% used [0x6a600000,0x6a7c2fb0,0x6cf80000)
 Metaspace       used 8503K, capacity 8671K, committed 8728K, reserved 9520K
Event: 7,686 GC heap after
Heap after GC invocations=8 (full 0):
 PSYoungGen      total 17664K, used 956K [0x92cc0000, 0x94140000, 0xa7000000)
  eden space 14848K, 0% used [0x92cc0000,0x92cc0000,0x93b40000)
  from space 2816K, 33% used [0x93e80000,0x93f6f058,0x94140000)
  to   space 3072K, 0% used [0x93b40000,0x93b40000,0x93e40000)
 ParOldGen       total 42496K, used 1811K [0x6a600000, 0x6cf80000, 0x92cc0000)
  object space 42496K, 4% used [0x6a600000,0x6a7c4fb0,0x6cf80000)
 Metaspace       used 8503K, capacity 8671K, committed 8728K, reserved 9520K
}
Event: 8,157 GC heap before
{Heap before GC invocations=9 (full 0):
 PSYoungGen      total 17664K, used 15747K [0x92cc0000, 0x94140000, 0xa7000000)
  eden space 14848K, 99% used [0x92cc0000,0x93b31e90,0x93b40000)
  from space 2816K, 33% used [0x93e80000,0x93f6f058,0x94140000)
  to   space 3072K, 0% used [0x93b40000,0x93b40000,0x93e40000)
 ParOldGen       total 42496K, used 1811K [0x6a600000, 0x6cf80000, 0x92cc0000)
  object space 42496K, 4% used [0x6a600000,0x6a7c4fb0,0x6cf80000)
 Metaspace       used 8526K, capacity 8703K, committed 8728K, reserved 9520K
Event: 8,158 GC heap after
Heap after GC invocations=9 (full 0):
 PSYoungGen      total 15616K, used 948K [0x92cc0000, 0x94100000, 0xa7000000)
  eden space 14592K, 0% used [0x92cc0000,0x92cc0000,0x93b00000)
  from space 1024K, 92% used [0x93b40000,0x93c2d048,0x93c40000)
  to   space 3072K, 0% used [0x93e00000,0x93e00000,0x94100000)
 ParOldGen       total 42496K, used 1823K [0x6a600000, 0x6cf80000, 0x92cc0000)
  object space 42496K, 4% used [0x6a600000,0x6a7c7fc0,0x6cf80000)
 Metaspace       used 8526K, capacity 8703K, committed 8728K, reserved 9520K
}
Event: 8,627 GC heap before
{Heap before GC invocations=10 (full 0):
 PSYoungGen      total 15616K, used 14815K [0x92cc0000, 0x94100000, 0xa7000000)
  eden space 14592K, 95% used [0x92cc0000,0x93a4ae40,0x93b00000)
  from space 1024K, 92% used [0x93b40000,0x93c2d048,0x93c40000)
  to   space 3072K, 0% used [0x93e00000,0x93e00000,0x94100000)
 ParOldGen       total 42496K, used 1823K [0x6a600000, 0x6cf80000, 0x92cc0000)
  object space 42496K, 4% used [0x6a600000,0x6a7c7fc0,0x6cf80000)
 Metaspace       used 8538K, capacity 8703K, committed 8728K, reserved 9520K
Event: 8,628 GC heap after
Heap after GC invocations=10 (full 0):
 PSYoungGen      total 17408K, used 48K [0x92cc0000, 0x94140000, 0xa7000000)
  eden space 14336K, 0% used [0x92cc0000,0x92cc0000,0x93ac0000)
  from space 3072K, 1% used [0x93e00000,0x93e0c000,0x94100000)
  to   space 3328K, 0% used [0x93ac0000,0x93ac0000,0x93e00000)
 ParOldGen       total 42496K, used 1827K [0x6a600000, 0x6cf80000, 0x92cc0000)
  object space 42496K, 4% used [0x6a600000,0x6a7c8fc0,0x6cf80000)
 Metaspace       used 8538K, capacity 8703K, committed 8728K, reserved 9520K
}

