# JRE version: Java(TM) SE Runtime Environment (8.0_101-b13) (build 1.8.0_101-b13)
# Java VM: Java HotSpot(TM) Server VM (25.101-b13 mixed mode linux-x86 )
Heap:
 PSYoungGen      total 16384K, used 2156K [0x92cc0000, 0x94040000, 0xa7000000)
  eden space 13312K, 9% used [0x92cc0000,0x92dee2a8,0x939c0000)
  from space 3072K, 30% used [0x93d40000,0x93e2d048,0x94040000)
  to   space 3328K, 0% used [0x939c0000,0x939c0000,0x93d00000)
 ParOldGen       total 42496K, used 1850K [0x6a600000, 0x6cf80000, 0x92cc0000)
  object space 42496K, 4% used [0x6a600000,0x6a7ce960,0x6cf80000)
 Metaspace       used 8607K, capacity 8767K, committed 8856K, reserved 9520K
GC Heap History (10 events):
Event: 8,462 GC heap before
{Heap before GC invocations=10 (full 0):
 PSYoungGen      total 15616K, used 14780K [0x92cc0000, 0x94180000, 0xa7000000)
  eden space 14592K, 94% used [0x92cc0000,0x93a42390,0x93b00000)
  from space 1024K, 92% used [0x93b40000,0x93c2d048,0x93c40000)
  to   space 3328K, 0% used [0x93e40000,0x93e40000,0x94180000)
 ParOldGen       total 42496K, used 1818K [0x6a600000, 0x6cf80000, 0x92cc0000)
  object space 42496K, 4% used [0x6a600000,0x6a7c6960,0x6cf80000)
 Metaspace       used 8572K, capacity 8735K, committed 8856K, reserved 9520K
Event: 8,462 GC heap after
Heap after GC invocations=10 (full 0):
 PSYoungGen      total 17664K, used 32K [0x92cc0000, 0x941c0000, 0xa7000000)
  eden space 14336K, 0% used [0x92cc0000,0x92cc0000,0x93ac0000)
  from space 3328K, 0% used [0x93e40000,0x93e48000,0x94180000)
  to   space 3584K, 0% used [0x93ac0000,0x93ac0000,0x93e40000)
 ParOldGen       total 42496K, used 1822K [0x6a600000, 0x6cf80000, 0x92cc0000)
  object space 42496K, 4% used [0x6a600000,0x6a7c7960,0x6cf80000)
 Metaspace       used 8572K, capacity 8735K, committed 8856K, reserved 9520K
}
Event: 8,879 GC heap before
{Heap before GC invocations=11 (full 0):
 PSYoungGen      total 17664K, used 13829K [0x92cc0000, 0x941c0000, 0xa7000000)
  eden space 14336K, 96% used [0x92cc0000,0x93a395b8,0x93ac0000)
  from space 3328K, 0% used [0x93e40000,0x93e48000,0x94180000)
  to   space 3584K, 0% used [0x93ac0000,0x93ac0000,0x93e40000)
 ParOldGen       total 42496K, used 1822K [0x6a600000, 0x6cf80000, 0x92cc0000)
  object space 42496K, 4% used [0x6a600000,0x6a7c7960,0x6cf80000)
 Metaspace       used 8574K, capacity 8735K, committed 8856K, reserved 9520K
Event: 8,880 GC heap after
Heap after GC invocations=11 (full 0):
 PSYoungGen      total 15104K, used 948K [0x92cc0000, 0x94180000, 0xa7000000)
  eden space 14080K, 0% used [0x92cc0000,0x92cc0000,0x93a80000)
  from space 1024K, 92% used [0x93ac0000,0x93bad048,0x93bc0000)
  to   space 3584K, 0% used [0x93e00000,0x93e00000,0x94180000)
 ParOldGen       total 42496K, used 1830K [0x6a600000, 0x6cf80000, 0x92cc0000)
  object space 42496K, 4% used [0x6a600000,0x6a7c9960,0x6cf80000)
 Metaspace       used 8574K, capacity 8735K, committed 8856K, reserved 9520K
}
Event: 9,350 GC heap before
{Heap before GC invocations=12 (full 0):
 PSYoungGen      total 15104K, used 14746K [0x92cc0000, 0x94180000, 0xa7000000)
  eden space 14080K, 98% used [0x92cc0000,0x93a39a98,0x93a80000)
  from space 1024K, 92% used [0x93ac0000,0x93bad048,0x93bc0000)
  to   space 3584K, 0% used [0x93e00000,0x93e00000,0x94180000)
 ParOldGen       total 42496K, used 1830K [0x6a600000, 0x6cf80000, 0x92cc0000)
  object space 42496K, 4% used [0x6a600000,0x6a7c9960,0x6cf80000)
 Metaspace       used 8578K, capacity 8735K, committed 8856K, reserved 9520K
Event: 9,350 GC heap after
Heap after GC invocations=12 (full 0):
 PSYoungGen      total 17152K, used 48K [0x92cc0000, 0x94140000, 0xa7000000)
  eden space 13824K, 0% used [0x92cc0000,0x92cc0000,0x93a40000)
  from space 3328K, 1% used [0x93e00000,0x93e0c000,0x94140000)
  to   space 3584K, 0% used [0x93a40000,0x93a40000,0x93dc0000)
 ParOldGen       total 42496K, used 1834K [0x6a600000, 0x6cf80000, 0x92cc0000)
  object space 42496K, 4% used [0x6a600000,0x6a7ca960,0x6cf80000)
 Metaspace       used 8578K, capacity 8735K, committed 8856K, reserved 9520K
}
Event: 9,763 GC heap before
{Heap before GC invocations=13 (full 0):
 PSYoungGen      total 17152K, used 13834K [0x92cc0000, 0x94140000, 0xa7000000)
  eden space 13824K, 99% used [0x92cc0000,0x93a36a40,0x93a40000)
  from space 3328K, 1% used [0x93e00000,0x93e0c000,0x94140000)
  to   space 3584K, 0% used [0x93a40000,0x93a40000,0x93dc0000)
 ParOldGen       total 42496K, used 1834K [0x6a600000, 0x6cf80000, 0x92cc0000)
  object space 42496K, 4% used [0x6a600000,0x6a7ca960,0x6cf80000)
 Metaspace       used 8581K, capacity 8767K, committed 8856K, reserved 9520K
Event: 9,764 GC heap after
Heap after GC invocations=13 (full 0):
 PSYoungGen      total 14592K, used 948K [0x92cc0000, 0x94080000, 0xa7000000)
  eden space 13568K, 0% used [0x92cc0000,0x92cc0000,0x93a00000)
  from space 1024K, 92% used [0x93a40000,0x93b2d048,0x93b40000)
  to   space 3328K, 0% used [0x93d40000,0x93d40000,0x94080000)
 ParOldGen       total 42496K, used 1842K [0x6a600000, 0x6cf80000, 0x92cc0000)
  object space 42496K, 4% used [0x6a600000,0x6a7cc960,0x6cf80000)
 Metaspace       used 8581K, capacity 8767K, committed 8856K, reserved 9520K
}
Event: 10,175 GC heap before
{Heap before GC invocations=14 (full 0):
 PSYoungGen      total 14592K, used 13821K [0x92cc0000, 0x94080000, 0xa7000000)
  eden space 13568K, 94% used [0x92cc0000,0x93952590,0x93a00000)
  from space 1024K, 92% used [0x93a40000,0x93b2d048,0x93b40000)
  to   space 3328K, 0% used [0x93d40000,0x93d40000,0x94080000)
 ParOldGen       total 42496K, used 1842K [0x6a600000, 0x6cf80000, 0x92cc0000)
  object space 42496K, 4% used [0x6a600000,0x6a7cc960,0x6cf80000)
 Metaspace       used 8590K, capacity 8767K, committed 8856K, reserved 9520K
Event: 10,176 GC heap after
Heap after GC invocations=14 (full 0):
 PSYoungGen      total 16384K, used 948K [0x92cc0000, 0x94040000, 0xa7000000)
  eden space 13312K, 0% used [0x92cc0000,0x92cc0000,0x939c0000)
  from space 3072K, 30% used [0x93d40000,0x93e2d048,0x94040000)
  to   space 3328K, 0% used [0x939c0000,0x939c0000,0x93d00000)
 ParOldGen       total 42496K, used 1850K [0x6a600000, 0x6cf80000, 0x92cc0000)
  object space 42496K, 4% used [0x6a600000,0x6a7ce960,0x6cf80000)
 Metaspace       used 8590K, capacity 8767K, committed 8856K, reserved 9520K
}

