# JRE version: Java(TM) SE Runtime Environment (8.0_101-b13) (build 1.8.0_101-b13)
# Java VM: Java HotSpot(TM) Server VM (25.101-b13 mixed mode linux-x86 )
Heap:
 PSYoungGen      total 12288K, used 7536K [0x92cc0000, 0x93940000, 0xa7000000)
  eden space 11776K, 63% used [0x92cc0000,0x934101b0,0x93840000)
  from space 512K, 9% used [0x938c0000,0x938cc000,0x93940000)
  to   space 512K, 0% used [0x93840000,0x93840000,0x938c0000)
 ParOldGen       total 42496K, used 1929K [0x6a600000, 0x6cf80000, 0x92cc0000)
  object space 42496K, 4% used [0x6a600000,0x6a7e2718,0x6cf80000)
 Metaspace       used 8680K, capacity 8831K, committed 8880K, reserved 9520K
GC Heap History (10 events):
Event: 21,075 GC heap before
{Heap before GC invocations=48 (full 0):
 PSYoungGen      total 12032K, used 11081K [0x92cc0000, 0x93940000, 0xa7000000)
  eden space 11776K, 93% used [0x92cc0000,0x93786460,0x93840000)
  from space 256K, 18% used [0x93840000,0x9384c000,0x93880000)
  to   space 512K, 0% used [0x938c0000,0x938c0000,0x93940000)
 ParOldGen       total 42496K, used 1913K [0x6a600000, 0x6cf80000, 0x92cc0000)
  object space 42496K, 4% used [0x6a600000,0x6a7de718,0x6cf80000)
 Metaspace       used 8606K, capacity 8767K, committed 8880K, reserved 9520K
Event: 21,075 GC heap after
Heap after GC invocations=48 (full 0):
 PSYoungGen      total 12288K, used 32K [0x92cc0000, 0x93940000, 0xa7000000)
  eden space 11776K, 0% used [0x92cc0000,0x92cc0000,0x93840000)
  from space 512K, 6% used [0x938c0000,0x938c8000,0x93940000)
  to   space 512K, 0% used [0x93840000,0x93840000,0x938c0000)
 ParOldGen       total 42496K, used 1913K [0x6a600000, 0x6cf80000, 0x92cc0000)
  object space 42496K, 4% used [0x6a600000,0x6a7de718,0x6cf80000)
 Metaspace       used 8606K, capacity 8767K, committed 8880K, reserved 9520K
}
Event: 21,431 GC heap before
{Heap before GC invocations=49 (full 0):
 PSYoungGen      total 12288K, used 11151K [0x92cc0000, 0x93940000, 0xa7000000)
  eden space 11776K, 94% used [0x92cc0000,0x9379bc80,0x93840000)
  from space 512K, 6% used [0x938c0000,0x938c8000,0x93940000)
  to   space 512K, 0% used [0x93840000,0x93840000,0x938c0000)
 ParOldGen       total 42496K, used 1913K [0x6a600000, 0x6cf80000, 0x92cc0000)
  object space 42496K, 4% used [0x6a600000,0x6a7de718,0x6cf80000)
 Metaspace       used 8610K, capacity 8767K, committed 8880K, reserved 9520K
Event: 21,432 GC heap after
Heap after GC invocations=49 (full 0):
 PSYoungGen      total 12288K, used 48K [0x92cc0000, 0x93940000, 0xa7000000)
  eden space 11776K, 0% used [0x92cc0000,0x92cc0000,0x93840000)
  from space 512K, 9% used [0x93840000,0x9384c000,0x938c0000)
  to   space 512K, 0% used [0x938c0000,0x938c0000,0x93940000)
 ParOldGen       total 42496K, used 1917K [0x6a600000, 0x6cf80000, 0x92cc0000)
  object space 42496K, 4% used [0x6a600000,0x6a7df718,0x6cf80000)
 Metaspace       used 8610K, capacity 8767K, committed 8880K, reserved 9520K
}
Event: 21,783 GC heap before
{Heap before GC invocations=50 (full 0):
 PSYoungGen      total 12288K, used 11135K [0x92cc0000, 0x93940000, 0xa7000000)
  eden space 11776K, 94% used [0x92cc0000,0x93793c20,0x93840000)
  from space 512K, 9% used [0x93840000,0x9384c000,0x938c0000)
  to   space 512K, 0% used [0x938c0000,0x938c0000,0x93940000)
 ParOldGen       total 42496K, used 1917K [0x6a600000, 0x6cf80000, 0x92cc0000)
  object space 42496K, 4% used [0x6a600000,0x6a7df718,0x6cf80000)
 Metaspace       used 8613K, capacity 8767K, committed 8880K, reserved 9520K
Event: 21,784 GC heap after
Heap after GC invocations=50 (full 0):
 PSYoungGen      total 12288K, used 48K [0x92cc0000, 0x93940000, 0xa7000000)
  eden space 11776K, 0% used [0x92cc0000,0x92cc0000,0x93840000)
  from space 512K, 9% used [0x938c0000,0x938cc000,0x93940000)
  to   space 512K, 0% used [0x93840000,0x93840000,0x938c0000)
 ParOldGen       total 42496K, used 1921K [0x6a600000, 0x6cf80000, 0x92cc0000)
  object space 42496K, 4% used [0x6a600000,0x6a7e0718,0x6cf80000)
 Metaspace       used 8613K, capacity 8767K, committed 8880K, reserved 9520K
}
Event: 22,139 GC heap before
{Heap before GC invocations=51 (full 0):
 PSYoungGen      total 12288K, used 11115K [0x92cc0000, 0x93940000, 0xa7000000)
  eden space 11776K, 93% used [0x92cc0000,0x9378ef98,0x93840000)
  from space 512K, 9% used [0x938c0000,0x938cc000,0x93940000)
  to   space 512K, 0% used [0x93840000,0x93840000,0x938c0000)
 ParOldGen       total 42496K, used 1921K [0x6a600000, 0x6cf80000, 0x92cc0000)
  object space 42496K, 4% used [0x6a600000,0x6a7e0718,0x6cf80000)
 Metaspace       used 8623K, capacity 8799K, committed 8880K, reserved 9520K
Event: 22,140 GC heap after
Heap after GC invocations=51 (full 0):
 PSYoungGen      total 12288K, used 48K [0x92cc0000, 0x93940000, 0xa7000000)
  eden space 11776K, 0% used [0x92cc0000,0x92cc0000,0x93840000)
  from space 512K, 9% used [0x93840000,0x9384c000,0x938c0000)
  to   space 512K, 0% used [0x938c0000,0x938c0000,0x93940000)
 ParOldGen       total 42496K, used 1925K [0x6a600000, 0x6cf80000, 0x92cc0000)
  object space 42496K, 4% used [0x6a600000,0x6a7e1718,0x6cf80000)
 Metaspace       used 8623K, capacity 8799K, committed 8880K, reserved 9520K
}
Event: 22,491 GC heap before
{Heap before GC invocations=52 (full 0):
 PSYoungGen      total 12288K, used 11120K [0x92cc0000, 0x93940000, 0xa7000000)
  eden space 11776K, 94% used [0x92cc0000,0x937900d0,0x93840000)
  from space 512K, 9% used [0x93840000,0x9384c000,0x938c0000)
  to   space 512K, 0% used [0x938c0000,0x938c0000,0x93940000)
 ParOldGen       total 42496K, used 1925K [0x6a600000, 0x6cf80000, 0x92cc0000)
  object space 42496K, 4% used [0x6a600000,0x6a7e1718,0x6cf80000)
 Metaspace       used 8634K, capacity 8799K, committed 8880K, reserved 9520K
Event: 22,492 GC heap after
Heap after GC invocations=52 (full 0):
 PSYoungGen      total 12288K, used 48K [0x92cc0000, 0x93940000, 0xa7000000)
  eden space 11776K, 0% used [0x92cc0000,0x92cc0000,0x93840000)
  from space 512K, 9% used [0x938c0000,0x938cc000,0x93940000)
  to   space 512K, 0% used [0x93840000,0x93840000,0x938c0000)
 ParOldGen       total 42496K, used 1929K [0x6a600000, 0x6cf80000, 0x92cc0000)
  object space 42496K, 4% used [0x6a600000,0x6a7e2718,0x6cf80000)
 Metaspace       used 8634K, capacity 8799K, committed 8880K, reserved 9520K
}

