# JRE version: Java(TM) SE Runtime Environment (8.0_101-b13) (build 1.8.0_101-b13)
# Java VM: Java HotSpot(TM) Server VM (25.101-b13 mixed mode linux-x86 )
Heap:
 PSYoungGen      total 13056K, used 5727K [0x92cc0000, 0x93ac0000, 0xa7000000)
  eden space 11776K, 48% used [0x92cc0000,0x9324be08,0x93840000)
  from space 1280K, 3% used [0x93840000,0x9384c000,0x93980000)
  to   space 1280K, 0% used [0x93980000,0x93980000,0x93ac0000)
 ParOldGen       total 42496K, used 1921K [0x6a600000, 0x6cf80000, 0x92cc0000)
  object space 42496K, 4% used [0x6a600000,0x6a7e0498,0x6cf80000)
 Metaspace       used 8692K, capacity 8863K, committed 9008K, reserved 9520K
GC Heap History (10 events):
Event: 17,709 GC heap before
{Heap before GC invocations=33 (full 0):
 PSYoungGen      total 13568K, used 11100K [0x92cc0000, 0x93bc0000, 0xa7000000)
  eden space 11776K, 93% used [0x92cc0000,0x9378b020,0x93840000)
  from space 1792K, 2% used [0x93a00000,0x93a0c000,0x93bc0000)
  to   space 1792K, 0% used [0x93840000,0x93840000,0x93a00000)
 ParOldGen       total 42496K, used 1897K [0x6a600000, 0x6cf80000, 0x92cc0000)
  object space 42496K, 4% used [0x6a600000,0x6a7da498,0x6cf80000)
 Metaspace       used 8585K, capacity 8767K, committed 8880K, reserved 9520K
Event: 17,710 GC heap after
Heap after GC invocations=33 (full 0):
 PSYoungGen      total 12032K, used 32K [0x92cc0000, 0x93b40000, 0xa7000000)
  eden space 11776K, 0% used [0x92cc0000,0x92cc0000,0x93840000)
  from space 256K, 12% used [0x93840000,0x93848000,0x93880000)
  to   space 1536K, 0% used [0x939c0000,0x939c0000,0x93b40000)
 ParOldGen       total 42496K, used 1901K [0x6a600000, 0x6cf80000, 0x92cc0000)
  object space 42496K, 4% used [0x6a600000,0x6a7db498,0x6cf80000)
 Metaspace       used 8585K, capacity 8767K, committed 8880K, reserved 9520K
}
Event: 18,061 GC heap before
{Heap before GC invocations=34 (full 0):
 PSYoungGen      total 12032K, used 11097K [0x92cc0000, 0x93b40000, 0xa7000000)
  eden space 11776K, 93% used [0x92cc0000,0x9378e680,0x93840000)
  from space 256K, 12% used [0x93840000,0x93848000,0x93880000)
  to   space 1536K, 0% used [0x939c0000,0x939c0000,0x93b40000)
 ParOldGen       total 42496K, used 1901K [0x6a600000, 0x6cf80000, 0x92cc0000)
  object space 42496K, 4% used [0x6a600000,0x6a7db498,0x6cf80000)
 Metaspace       used 8638K, capacity 8799K, committed 8880K, reserved 9520K
Event: 18,062 GC heap after
Heap after GC invocations=34 (full 0):
 PSYoungGen      total 13312K, used 32K [0x92cc0000, 0x93b40000, 0xa7000000)
  eden space 11776K, 0% used [0x92cc0000,0x92cc0000,0x93840000)
  from space 1536K, 2% used [0x939c0000,0x939c8000,0x93b40000)
  to   space 1536K, 0% used [0x93840000,0x93840000,0x939c0000)
 ParOldGen       total 42496K, used 1905K [0x6a600000, 0x6cf80000, 0x92cc0000)
  object space 42496K, 4% used [0x6a600000,0x6a7dc498,0x6cf80000)
 Metaspace       used 8638K, capacity 8799K, committed 8880K, reserved 9520K
}
Event: 18,417 GC heap before
{Heap before GC invocations=35 (full 0):
 PSYoungGen      total 13312K, used 11112K [0x92cc0000, 0x93b40000, 0xa7000000)
  eden space 11776K, 94% used [0x92cc0000,0x93792108,0x93840000)
  from space 1536K, 2% used [0x939c0000,0x939c8000,0x93b40000)
  to   space 1536K, 0% used [0x93840000,0x93840000,0x939c0000)
 ParOldGen       total 42496K, used 1905K [0x6a600000, 0x6cf80000, 0x92cc0000)
  object space 42496K, 4% used [0x6a600000,0x6a7dc498,0x6cf80000)
 Metaspace       used 8653K, capacity 8831K, committed 8880K, reserved 9520K
Event: 18,418 GC heap after
Heap after GC invocations=35 (full 0):
 PSYoungGen      total 13312K, used 48K [0x92cc0000, 0x93b40000, 0xa7000000)
  eden space 11776K, 0% used [0x92cc0000,0x92cc0000,0x93840000)
  from space 1536K, 3% used [0x93840000,0x9384c000,0x939c0000)
  to   space 1536K, 0% used [0x939c0000,0x939c0000,0x93b40000)
 ParOldGen       total 42496K, used 1909K [0x6a600000, 0x6cf80000, 0x92cc0000)
  object space 42496K, 4% used [0x6a600000,0x6a7dd498,0x6cf80000)
 Metaspace       used 8653K, capacity 8831K, committed 8880K, reserved 9520K
}
Event: 18,769 GC heap before
{Heap before GC invocations=36 (full 0):
 PSYoungGen      total 13312K, used 11088K [0x92cc0000, 0x93b40000, 0xa7000000)
  eden space 11776K, 93% used [0x92cc0000,0x93788060,0x93840000)
  from space 1536K, 3% used [0x93840000,0x9384c000,0x939c0000)
  to   space 1536K, 0% used [0x939c0000,0x939c0000,0x93b40000)
 ParOldGen       total 42496K, used 1909K [0x6a600000, 0x6cf80000, 0x92cc0000)
  object space 42496K, 4% used [0x6a600000,0x6a7dd498,0x6cf80000)
 Metaspace       used 8657K, capacity 8831K, committed 8880K, reserved 9520K
Event: 18,770 GC heap after
Heap after GC invocations=36 (full 0):
 PSYoungGen      total 12800K, used 48K [0x92cc0000, 0x93ac0000, 0xa7000000)
  eden space 11776K, 0% used [0x92cc0000,0x92cc0000,0x93840000)
  from space 1024K, 4% used [0x939c0000,0x939cc000,0x93ac0000)
  to   space 1280K, 0% used [0x93840000,0x93840000,0x93980000)
 ParOldGen       total 42496K, used 1917K [0x6a600000, 0x6cf80000, 0x92cc0000)
  object space 42496K, 4% used [0x6a600000,0x6a7df498,0x6cf80000)
 Metaspace       used 8657K, capacity 8831K, committed 8880K, reserved 9520K
}
Event: 19,125 GC heap before
{Heap before GC invocations=37 (full 0):
 PSYoungGen      total 12800K, used 11086K [0x92cc0000, 0x93ac0000, 0xa7000000)
  eden space 11776K, 93% used [0x92cc0000,0x93787ad0,0x93840000)
  from space 1024K, 4% used [0x939c0000,0x939cc000,0x93ac0000)
  to   space 1280K, 0% used [0x93840000,0x93840000,0x93980000)
 ParOldGen       total 42496K, used 1917K [0x6a600000, 0x6cf80000, 0x92cc0000)
  object space 42496K, 4% used [0x6a600000,0x6a7df498,0x6cf80000)
 Metaspace       used 8662K, capacity 8831K, committed 8880K, reserved 9520K
Event: 19,126 GC heap after
Heap after GC invocations=37 (full 0):
 PSYoungGen      total 13056K, used 48K [0x92cc0000, 0x93ac0000, 0xa7000000)
  eden space 11776K, 0% used [0x92cc0000,0x92cc0000,0x93840000)
  from space 1280K, 3% used [0x93840000,0x9384c000,0x93980000)
  to   space 1280K, 0% used [0x93980000,0x93980000,0x93ac0000)
 ParOldGen       total 42496K, used 1921K [0x6a600000, 0x6cf80000, 0x92cc0000)
  object space 42496K, 4% used [0x6a600000,0x6a7e0498,0x6cf80000)
 Metaspace       used 8662K, capacity 8831K, committed 8880K, reserved 9520K
}

